Build started 12/6/2015 2:15:40 PM.
     1>Project "C:\Users\270040900\Desktop\TheTriforceWithin\LoZTheTriforceWithin\LoZTheTriforceWithin.vcxproj" on node 2 (Build target(s)).
     1>ClCompile:
         C:\Program Files (x86)\Microsoft Visual Studio 14.0\VC\bin\CL.exe /c /IC:\Users\270040900\SFML\include /ZI /nologo /W3 /WX- /sdl /Od /Oy- /D WIN32 /D _DEBUG /D _CONSOLE /D _UNICODE /D UNICODE /Gm /EHsc /RTC1 /MDd /GS /fp:precise /Zc:wchar_t /Zc:forScope /Zc:inline /Yu"stdafx.h" /Fp"Debug\LoZTheTriforceWithin.pch" /Fo"Debug\\" /Fd"Debug\vc140.pdb" /Gd /TP /analyze- /errorReport:prompt Link.cpp LoZTheTriforceWithin.cpp Movement.cpp
         LoZTheTriforceWithin.cpp
     1>c:\users\270040900\desktop\thetriforcewithin\lozthetriforcewithin\lozthetriforcewithin.cpp(20): warning C4930: 'Link setSource(sf::Vector2i)': prototyped function not called (was a variable definition intended?)
         Link.cpp
         Generating Code...
         Skipping... (no relevant changes detected)
         Movement.cpp
       Link:
         C:\Program Files (x86)\Microsoft Visual Studio 14.0\VC\bin\link.exe /ERRORREPORT:PROMPT /OUT:"C:\Users\270040900\Desktop\TheTriforceWithin\Debug\LoZTheTriforceWithin.exe" /INCREMENTAL /NOLOGO /LIBPATH:C:\Users\270040900\SFML\lib "sfml-window-d.lib" "sfml-graphics-d.lib" "sfml-system-d.lib" kernel32.lib user32.lib gdi32.lib winspool.lib comdlg32.lib advapi32.lib shell32.lib ole32.lib oleaut32.lib uuid.lib odbc32.lib odbccp32.lib /MANIFEST /MANIFESTUAC:"level='asInvoker' uiAccess='false'" /manifest:embed /Debug /PDB:"C:\Users\270040900\Desktop\TheTriforceWithin\Debug\LoZTheTriforceWithin.pdb" /SUBSYSTEM:CONSOLE /TLBID:1 /DYNAMICBASE /NXCOMPAT /IMPLIB:"C:\Users\270040900\Desktop\TheTriforceWithin\Debug\LoZTheTriforceWithin.lib" /MACHINE:X86 Debug\LoZTheTriforceWithin.res
         Debug\Link.obj
         Debug\LoZTheTriforceWithin.obj
         Debug\Movement.obj
         Debug\stdafx.obj
         LoZTheTriforceWithin.vcxproj -> C:\Users\270040900\Desktop\TheTriforceWithin\Debug\LoZTheTriforceWithin.exe
     1>Done Building Project "C:\Users\270040900\Desktop\TheTriforceWithin\LoZTheTriforceWithin\LoZTheTriforceWithin.vcxproj" (Build target(s)).

Build succeeded.

Time Elapsed 00:00:04.12
